<?xml version="1.0" encoding="UTF-8"?>
<testng-results ignored="0" total="1" passed="1" failed="0" skipped="0">
  <reporter-output>
  </reporter-output>
  <suite started-at="2023-04-20T19:14:42 IST" name="Default suite" finished-at="2023-04-20T19:14:43 IST" duration-ms="1043">
    <groups>
    </groups>
    <test started-at="2023-04-20T19:14:42 IST" name="Default test" finished-at="2023-04-20T19:14:43 IST" duration-ms="1043">
      <class name="practice.ParameterTest1">
        <test-method signature="method1()[pri:0, instance:practice.ParameterTest1@79b06cab]" started-at="2023-04-20T19:14:43 IST" name="method1" finished-at="2023-04-20T19:14:43 IST" duration-ms="138" status="PASS">
          <reporter-output>
          </reporter-output>
        </test-method> <!-- method1 -->
      </class> <!-- practice.ParameterTest1 -->
    </test> <!-- Default test -->
  </suite> <!-- Default suite -->
</testng-results>
